    17>D:\projects\2024-misis-fall\misis2024f-24-01-kuzmina-k-v\prj.codeforces\0271a.cpp(16): warning C4715: 'f': not all control paths return a value [D:\projects\2024-misis-fall\misis2024f-24-01-kuzmina-k-v\build.check\prj.codeforces\0271a.vcxproj]
    25>D:\projects\2024-misis-fall\misis2024f-24-01-kuzmina-k-v\prj.codeforces\1585a.cpp(17,17): warning C4552: '>>': result of expression not used [D:\projects\2024-misis-fall\misis2024f-24-01-kuzmina-k-v\build.check\prj.codeforces\1585a.vcxproj]
    25>D:\projects\2024-misis-fall\misis2024f-24-01-kuzmina-k-v\prj.codeforces\1585a.cpp(19,18): warning C4244: 'initializing': conversion from '__int64' to 'int', possible loss of data [D:\projects\2024-misis-fall\misis2024f-24-01-kuzmina-k-v\build.check\prj.codeforces\1585a.vcxproj]
    24>D:\projects\2024-misis-fall\misis2024f-24-01-kuzmina-k-v\prj.codeforces\1512c.cpp(14,14): warning C4267: 'initializing': conversion from 'size_t' to 'int', possible loss of data [D:\projects\2024-misis-fall\misis2024f-24-01-kuzmina-k-v\build.check\prj.codeforces\1512c.vcxproj]
    27>D:\projects\2024-misis-fall\misis2024f-24-01-kuzmina-k-v\prj.codeforces\1624a.cpp(16,17): warning C4552: '>>': result of expression not used [D:\projects\2024-misis-fall\misis2024f-24-01-kuzmina-k-v\build.check\prj.codeforces\1624a.vcxproj]
    27>D:\projects\2024-misis-fall\misis2024f-24-01-kuzmina-k-v\prj.codeforces\1624a.cpp(19,29): warning C4552: '<<': result of expression not used [D:\projects\2024-misis-fall\misis2024f-24-01-kuzmina-k-v\build.check\prj.codeforces\1624a.vcxproj]
    29>D:\projects\2024-misis-fall\misis2024f-24-01-kuzmina-k-v\prj.codeforces\1669a.cpp(9,8): warning C4101: 'a': unreferenced local variable [D:\projects\2024-misis-fall\misis2024f-24-01-kuzmina-k-v\build.check\prj.codeforces\1669a.vcxproj]
    34>D:\projects\2024-misis-fall\misis2024f-24-01-kuzmina-k-v\prj.codeforces\1678a.cpp(17,8): warning C4244: 'initializing': conversion from '__int64' to 'int', possible loss of data [D:\projects\2024-misis-fall\misis2024f-24-01-kuzmina-k-v\build.check\prj.codeforces\1678a.vcxproj]
    37>D:\projects\2024-misis-fall\misis2024f-24-01-kuzmina-k-v\prj.codeforces\1692b.cpp(12,8): warning C4101: 'b': unreferenced local variable [D:\projects\2024-misis-fall\misis2024f-24-01-kuzmina-k-v\build.check\prj.codeforces\1692b.vcxproj]
    37>D:\projects\2024-misis-fall\misis2024f-24-01-kuzmina-k-v\prj.codeforces\1692b.cpp(12,14): warning C4101: 'd': unreferenced local variable [D:\projects\2024-misis-fall\misis2024f-24-01-kuzmina-k-v\build.check\prj.codeforces\1692b.vcxproj]
    39>D:\projects\2024-misis-fall\misis2024f-24-01-kuzmina-k-v\prj.codeforces\1692d.cpp(12,8): warning C4101: 'b': unreferenced local variable [D:\projects\2024-misis-fall\misis2024f-24-01-kuzmina-k-v\build.check\prj.codeforces\1692d.vcxproj]
    39>D:\projects\2024-misis-fall\misis2024f-24-01-kuzmina-k-v\prj.codeforces\1692d.cpp(12,14): warning C4101: 'd': unreferenced local variable [D:\projects\2024-misis-fall\misis2024f-24-01-kuzmina-k-v\build.check\prj.codeforces\1692d.vcxproj]
    62>D:\projects\2024-misis-fall\misis2024f-24-01-kuzmina-k-v\prj.lab\rational\rational.cpp(221): warning C4172: returning address of local variable or temporary: temp [D:\projects\2024-misis-fall\misis2024f-24-01-kuzmina-k-v\build.check\prj.lab\rational\rational.vcxproj]
    67>D:\projects\2024-misis-fall\misis2024f-24-01-kuzmina-k-v\prj.test\queues_test.cpp(15,11): warning C4244: 'initializing': conversion from 'ptrdiff_t' to 'int', possible loss of data [D:\projects\2024-misis-fall\misis2024f-24-01-kuzmina-k-v\build.check\prj.test\queues_test.vcxproj]
    51>D:\projects\2024-misis-fall\misis2024f-24-01-kuzmina-k-v\prj.test\arrayt_doctest.cpp(11,16): warning C4244: '=': conversion from 'double' to 'T', possible loss of data [D:\projects\2024-misis-fall\misis2024f-24-01-kuzmina-k-v\build.check\prj.test\arrayt_doctest.vcxproj]
D:\projects\2024-misis-fall\misis2024f-24-01-kuzmina-k-v\prj.test\arrayt_doctest.cpp(11,16): warning C4244:         with [D:\projects\2024-misis-fall\misis2024f-24-01-kuzmina-k-v\build.check\prj.test\arrayt_doctest.vcxproj]
D:\projects\2024-misis-fall\misis2024f-24-01-kuzmina-k-v\prj.test\arrayt_doctest.cpp(11,16): warning C4244:         [ [D:\projects\2024-misis-fall\misis2024f-24-01-kuzmina-k-v\build.check\prj.test\arrayt_doctest.vcxproj]
D:\projects\2024-misis-fall\misis2024f-24-01-kuzmina-k-v\prj.test\arrayt_doctest.cpp(11,16): warning C4244:             T=int [D:\projects\2024-misis-fall\misis2024f-24-01-kuzmina-k-v\build.check\prj.test\arrayt_doctest.vcxproj]
D:\projects\2024-misis-fall\misis2024f-24-01-kuzmina-k-v\prj.test\arrayt_doctest.cpp(11,16): warning C4244:         ] [D:\projects\2024-misis-fall\misis2024f-24-01-kuzmina-k-v\build.check\prj.test\arrayt_doctest.vcxproj]
    51>D:\projects\2024-misis-fall\misis2024f-24-01-kuzmina-k-v\prj.test\arrayt_doctest.cpp(28,11): warning C4244: '=': conversion from 'ptrdiff_t' to 'T', possible loss of data [D:\projects\2024-misis-fall\misis2024f-24-01-kuzmina-k-v\build.check\prj.test\arrayt_doctest.vcxproj]
D:\projects\2024-misis-fall\misis2024f-24-01-kuzmina-k-v\prj.test\arrayt_doctest.cpp(28,11): warning C4244:         with [D:\projects\2024-misis-fall\misis2024f-24-01-kuzmina-k-v\build.check\prj.test\arrayt_doctest.vcxproj]
D:\projects\2024-misis-fall\misis2024f-24-01-kuzmina-k-v\prj.test\arrayt_doctest.cpp(28,11): warning C4244:         [ [D:\projects\2024-misis-fall\misis2024f-24-01-kuzmina-k-v\build.check\prj.test\arrayt_doctest.vcxproj]
D:\projects\2024-misis-fall\misis2024f-24-01-kuzmina-k-v\prj.test\arrayt_doctest.cpp(28,11): warning C4244:             T=int [D:\projects\2024-misis-fall\misis2024f-24-01-kuzmina-k-v\build.check\prj.test\arrayt_doctest.vcxproj]
D:\projects\2024-misis-fall\misis2024f-24-01-kuzmina-k-v\prj.test\arrayt_doctest.cpp(28,11): warning C4244:         ] [D:\projects\2024-misis-fall\misis2024f-24-01-kuzmina-k-v\build.check\prj.test\arrayt_doctest.vcxproj]
    50>D:\projects\2024-misis-fall\misis2024f-24-01-kuzmina-k-v\prj.test\arrayd_doctest.cpp(29,11): warning C4244: '=': conversion from 'ptrdiff_t' to 'double', possible loss of data [D:\projects\2024-misis-fall\misis2024f-24-01-kuzmina-k-v\build.check\prj.test\arrayd_doctest.vcxproj]
